-------------------------------------------------------------------------------
Test set: com.example.demo.AppTest
-------------------------------------------------------------------------------
Tests run: 4, Failures: 1, Errors: 0, Skipped: 0, Time elapsed: 0.04 s <<< FAILURE! - in com.example.demo.AppTest
testUsdToInrMethodLength  Time elapsed: 0.007 s  <<< FAILURE!
org.opentest4j.AssertionFailedError: expected: <true> but was: <false>
	at com.example.demo.AppTest.testUsdToInrMethodLength(AppTest.java:94)

