<?xml version="1.0" encoding="UTF-8"?>
<testsuite xmlns:xsi="http://www.w3.org/2001/XMLSchema-instance" xsi:noNamespaceSchemaLocation="https://maven.apache.org/surefire/maven-surefire-plugin/xsd/surefire-test-report.xsd" name="com.example.demo.AppTest" time="0.04" tests="4" errors="0" skipped="0" failures="1">
  <properties>
[...]
</properties>
  <testcase name="testUsdToInrMethodNotReturnsInt" classname="com.example.demo.AppTest" time="0.015"/>
  <testcase name="testUsdToInrMethodNotNegative" classname="com.example.demo.AppTest" time="0.001"/>
  <testcase name="testUsdToInrMethodNotReturningNull" classname="com.example.demo.AppTest" time="0.001"/>
  <testcase name="testUsdToInrMethodLength" classname="com.example.demo.AppTest" time="0.007">
    <failure message="expected: &lt;true&gt; but was: &lt;false&gt;" type="org.opentest4j.AssertionFailedError"><![CDATA[org.opentest4j.AssertionFailedError: expected: <true> but was: <false>
	at com.example.demo.AppTest.testUsdToInrMethodLength(AppTest.java:94)
]]></failure>
  </testcase>
</testsuite>